Traceback (most recent call last):
  File "/opt/hostedtoolcache/Python/3.10.6/x64/lib/python3.10/site-packages/jupyter_cache/executors/utils.py", line 51, in single_nb_execution
    executenb(
  File "/opt/hostedtoolcache/Python/3.10.6/x64/lib/python3.10/site-packages/nbclient/client.py", line 1204, in execute
    return NotebookClient(nb=nb, resources=resources, km=km, **kwargs).execute()
  File "/opt/hostedtoolcache/Python/3.10.6/x64/lib/python3.10/site-packages/nbclient/util.py", line 84, in wrapped
    return just_run(coro(*args, **kwargs))
  File "/opt/hostedtoolcache/Python/3.10.6/x64/lib/python3.10/site-packages/nbclient/util.py", line 62, in just_run
    return loop.run_until_complete(coro)
  File "/opt/hostedtoolcache/Python/3.10.6/x64/lib/python3.10/asyncio/base_events.py", line 646, in run_until_complete
    return future.result()
  File "/opt/hostedtoolcache/Python/3.10.6/x64/lib/python3.10/site-packages/nbclient/client.py", line 663, in async_execute
    await self.async_execute_cell(
  File "/opt/hostedtoolcache/Python/3.10.6/x64/lib/python3.10/site-packages/nbclient/client.py", line 965, in async_execute_cell
    await self._check_raise_for_error(cell, cell_index, exec_reply)
  File "/opt/hostedtoolcache/Python/3.10.6/x64/lib/python3.10/site-packages/nbclient/client.py", line 862, in _check_raise_for_error
    raise CellExecutionError.from_cell_and_msg(cell, exec_reply_content)
nbclient.exceptions.CellExecutionError: An error occurred while executing the following cell:
------------------
# import libraries
import numpy as np
from matplotlib import pyplot as plt
import pandas as pd
from scipy.spatial import distance_matrix

import openjij as oj
import jijmodeling as jm
from jijmodeling.transpiler.pyqubo.to_pyqubo import to_pyqubo
------------------

[0;31m---------------------------------------------------------------------------[0m
[0;31mModuleNotFoundError[0m                       Traceback (most recent call last)
Cell [0;32mIn [1], line 9[0m
[1;32m      7[0m [38;5;28;01mimport[39;00m [38;5;21;01mopenjij[39;00m [38;5;28;01mas[39;00m [38;5;21;01moj[39;00m
[1;32m      8[0m [38;5;28;01mimport[39;00m [38;5;21;01mjijmodeling[39;00m [38;5;28;01mas[39;00m [38;5;21;01mjm[39;00m
[0;32m----> 9[0m [38;5;28;01mfrom[39;00m [38;5;21;01mjijmodeling[39;00m[38;5;21;01m.[39;00m[38;5;21;01mtranspiler[39;00m[38;5;21;01m.[39;00m[38;5;21;01mpyqubo[39;00m[38;5;21;01m.[39;00m[38;5;21;01mto_pyqubo[39;00m [38;5;28;01mimport[39;00m to_pyqubo

[0;31mModuleNotFoundError[0m: No module named 'jijmodeling.transpiler'
ModuleNotFoundError: No module named 'jijmodeling.transpiler'

